<?xml version="1.0" encoding="UTF-8"?>
<testsuite xmlns:xsi="http://www.w3.org/2001/XMLSchema-instance" xsi:noNamespaceSchemaLocation="https://maven.apache.org/surefire/maven-surefire-plugin/xsd/surefire-test-report.xsd" name="com.example.PrinterManager.ControllerManagerTest" time="0.14" tests="34" errors="0" skipped="0" failures="7">
  <properties>
[...]
</properties>
  <testcase name="getPrinterJobsFilteredSuperStatusNoDate2" classname="com.example.PrinterManager.ControllerManagerTest" time="0.045"/>
  <testcase name="updateLivnessDisconnectedPrinter" classname="com.example.PrinterManager.ControllerManagerTest" time="0.011">
    <failure message="expected: &lt;true&gt; but was: &lt;false&gt;" type="org.opentest4j.AssertionFailedError"><![CDATA[org.opentest4j.AssertionFailedError: expected: <true> but was: <false>
	at com.example.PrinterManager.ControllerManagerTest.updateLivnessDisconnectedPrinter(ControllerManagerTest.java:102)
]]></failure>
    <system-out><![CDATA[Printer Added, The id is :1
Printer 1 Disconnected
Printer1 Liveness now is:true
]]></system-out>
  </testcase>
  <testcase name="addPrintingJobAndReturnIdInvalidPrinter" classname="com.example.PrinterManager.ControllerManagerTest" time="0.001"/>
  <testcase name="getPrinterByIDAndAllJobsPrinterDoesntExist" classname="com.example.PrinterManager.ControllerManagerTest" time="0.002"/>
  <testcase name="updateJobStatusFalseToTrue" classname="com.example.PrinterManager.ControllerManagerTest" time="0.001"/>
  <testcase name="getPrinterJobsFilteredSuperDateAndStatusFutureDate" classname="com.example.PrinterManager.ControllerManagerTest" time="0.005"/>
  <testcase name="getJobDetailsValid" classname="com.example.PrinterManager.ControllerManagerTest" time="0"/>
  <testcase name="getPrinterJobsFilteredSuperDateNoStatusWrongFormatDate" classname="com.example.PrinterManager.ControllerManagerTest" time="0.001"/>
  <testcase name="getPrinterJobsFilteredJobsWithGivenStatus" classname="com.example.PrinterManager.ControllerManagerTest" time="0.004"/>
  <testcase name="updateLivnessLivePrinter" classname="com.example.PrinterManager.ControllerManagerTest" time="0.001"/>
  <testcase name="addPrintingJobAndReturnIdLongString" classname="com.example.PrinterManager.ControllerManagerTest" time="0.002">
    <failure message="expected: &lt;true&gt; but was: &lt;false&gt;" type="org.opentest4j.AssertionFailedError"><![CDATA[org.opentest4j.AssertionFailedError: expected: <true> but was: <false>
	at com.example.PrinterManager.ControllerManagerTest.addPrintingJobAndReturnIdLongString(ControllerManagerTest.java:126)
]]></failure>
    <system-out><![CDATA[Printer Added, The id is :1
]]></system-out>
  </testcase>
  <testcase name="getStatistics" classname="com.example.PrinterManager.ControllerManagerTest" time="0.002">
    <failure message="expected: &lt;true&gt; but was: &lt;false&gt;" type="org.opentest4j.AssertionFailedError"><![CDATA[org.opentest4j.AssertionFailedError: expected: <true> but was: <false>
	at com.example.PrinterManager.ControllerManagerTest.getStatistics(ControllerManagerTest.java:180)
]]></failure>
    <system-out><![CDATA[Printer Added, The id is :2
Printer Added, The id is :7
Printer 7 Disconnected
Status of job: 29 was Updated!
Status of job: 31 was Updated!
Status of job: 32 was Updated!
]]></system-out>
  </testcase>
  <testcase name="getPrinterJobsFilteredSuperDateAndStatus" classname="com.example.PrinterManager.ControllerManagerTest" time="0.005"/>
  <testcase name="getPrinterByIDPrinterExists" classname="com.example.PrinterManager.ControllerManagerTest" time="0"/>
  <testcase name="getPrinterssWithPrintersAdded" classname="com.example.PrinterManager.ControllerManagerTest" time="0.001">
    <failure message="expected: &lt;[{&quot;printer1&quot;:{&quot;Jobs&quot;:{},&quot;liveness&quot;:true,&quot;id&quot;:1}}]&gt; but was: &lt;[{&quot;printer1&quot;:{&quot;Jobs&quot;:{},&quot;liveness&quot;:true,&quot;id&quot;:1}}, {&quot;printer1&quot;:{&quot;Jobs&quot;:{},&quot;liveness&quot;:true,&quot;id&quot;:1}}]&gt;" type="org.opentest4j.AssertionFailedError"><![CDATA[org.opentest4j.AssertionFailedError: expected: <[{"printer1":{"Jobs":{},"liveness":true,"id":1}}]> but was: <[{"printer1":{"Jobs":{},"liveness":true,"id":1}}, {"printer1":{"Jobs":{},"liveness":true,"id":1}}]>
	at com.example.PrinterManager.ControllerManagerTest.getPrinterssWithPrintersAdded(ControllerManagerTest.java:46)
]]></failure>
    <system-out><![CDATA[Printer Added, The id is :1
]]></system-out>
  </testcase>
  <testcase name="getPrinterByIDPrinterDoesntExist" classname="com.example.PrinterManager.ControllerManagerTest" time="0"/>
  <testcase name="getPrinterByIDAndAllJobsValid" classname="com.example.PrinterManager.ControllerManagerTest" time="0"/>
  <testcase name="getPrinterJobsFilteredSuperStatusNoDate" classname="com.example.PrinterManager.ControllerManagerTest" time="0.001"/>
  <testcase name="deletePrinterByID" classname="com.example.PrinterManager.ControllerManagerTest" time="0.001"/>
  <testcase name="addPrinterInvalidInputNotInteger" classname="com.example.PrinterManager.ControllerManagerTest" time="0.002"/>
  <testcase name="getPrinterssNoPrintersAdded" classname="com.example.PrinterManager.ControllerManagerTest" time="0.001">
    <failure message="expected: &lt;[]&gt; but was: &lt;[{&quot;printer1&quot;:{&quot;Jobs&quot;:{},&quot;liveness&quot;:true,&quot;id&quot;:1}}]&gt;" type="org.opentest4j.AssertionFailedError"><![CDATA[org.opentest4j.AssertionFailedError: expected: <[]> but was: <[{"printer1":{"Jobs":{},"liveness":true,"id":1}}]>
	at com.example.PrinterManager.ControllerManagerTest.getPrinterssNoPrintersAdded(ControllerManagerTest.java:39)
]]></failure>
  </testcase>
  <testcase name="getJobDetailsWrongID" classname="com.example.PrinterManager.ControllerManagerTest" time="0"/>
  <testcase name="getPrinterJobsFilteredNoJobsWithGivenStatus" classname="com.example.PrinterManager.ControllerManagerTest" time="0"/>
  <testcase name="getPrinterJobsFilteredSuperNoStatusNoDateNoJobsNoMoney" classname="com.example.PrinterManager.ControllerManagerTest" time="0"/>
  <testcase name="getPrinterJobsFilteredSuperNoStatusNoDateNoMoney" classname="com.example.PrinterManager.ControllerManagerTest" time="0.002"/>
  <testcase name="getPrinterJobsFilteredSuperDateAndStatusWrongFormatDate" classname="com.example.PrinterManager.ControllerManagerTest" time="0.002"/>
  <testcase name="updateJobStatusTrueToFalse" classname="com.example.PrinterManager.ControllerManagerTest" time="0.001"/>
  <testcase name="getStatisticsEmpty" classname="com.example.PrinterManager.ControllerManagerTest" time="0.001">
    <failure message="expected: &lt;true&gt; but was: &lt;false&gt;" type="org.opentest4j.AssertionFailedError"><![CDATA[org.opentest4j.AssertionFailedError: expected: <true> but was: <false>
	at com.example.PrinterManager.ControllerManagerTest.getStatisticsEmpty(ControllerManagerTest.java:191)
]]></failure>
  </testcase>
  <testcase name="addPrinterValidInput" classname="com.example.PrinterManager.ControllerManagerTest" time="0.001"/>
  <testcase name="getPrinterJobsFilteredSuperDateNoStatus" classname="com.example.PrinterManager.ControllerManagerTest" time="0.005"/>
  <testcase name="getPrinterByIDAndAllJobsNoJobs" classname="com.example.PrinterManager.ControllerManagerTest" time="0"/>
  <testcase name="addPrintingJobAndReturnIdValidPrinter" classname="com.example.PrinterManager.ControllerManagerTest" time="0.001">
    <failure message="expected: &lt;true&gt; but was: &lt;false&gt;" type="org.opentest4j.AssertionFailedError"><![CDATA[org.opentest4j.AssertionFailedError: expected: <true> but was: <false>
	at com.example.PrinterManager.ControllerManagerTest.addPrintingJobAndReturnIdValidPrinter(ControllerManagerTest.java:111)
]]></failure>
    <system-out><![CDATA[Printer Added, The id is :1
]]></system-out>
  </testcase>
  <testcase name="getPrinterJobsFilteredSuperDateNoStatusFutureDate" classname="com.example.PrinterManager.ControllerManagerTest" time="0.001"/>
  <testcase name="getPrinterJobsFilteredJobsNoStatus" classname="com.example.PrinterManager.ControllerManagerTest" time="0.002"/>
</testsuite>